<?xml version="1.0" encoding="UTF-8"?>
<!-- Generated by org.testng.reporters.JUnitXMLReporter -->
<testsuite ignored="0" hostname="Shalini" failures="0" tests="3" name="E-Commerce Functional Tests" time="58.278" errors="0" timestamp="2025-05-13T22:07:08 IST">
  <testcase classname="tests.LoginTest" name="validLoginTest" time="4.511"/>
  <testcase classname="tests.SearchTest" name="searchProductTest" time="11.994"/>
  <testcase classname="tests.CheckoutTest" name="completeCheckoutProcess" time="20.433"/>
</testsuite> <!-- E-Commerce Functional Tests -->
